<?xml version="1.0" encoding="UTF-8"?>
<!-- Generated by org.testng.reporters.JUnitReportReporter -->
<testsuite hostname="WINDOWS-94KVB2I" failures="0" tests="2" name="Communications.SeleniumTest" time="0.001" errors="0" timestamp="10 Jun 2018 19:20:50 GMT" skipped="0">
  <testcase classname="Communications.SeleniumTest" name="Selenium1" time="0.000"/>
  <testcase classname="Communications.SeleniumTest" name="Selenium2" time="0.001"/>
</testsuite> <!-- Communications.SeleniumTest -->
